RT-BT-TEMP-DEMO/Application/build/outputs/logs/manifest-merger-debug-report.txt
-- Merging decision tree log ---
manifest
ADDED from AndroidManifest.xml:18:1
	package
		ADDED from AndroidManifest.xml:19:5
	android:versionName
		ADDED from AndroidManifest.xml:22:5
	android:versionCode
		ADDED from AndroidManifest.xml:21:5
		INJECTED from AndroidManifest.xml:0:0
		INJECTED from AndroidManifest.xml:0:0
	xmlns:android
		ADDED from AndroidManifest.xml:20:5
uses-permission#android.permission.ACCESS_FINE_LOCATION
ADDED from AndroidManifest.xml:26:5
	android:name
		ADDED from AndroidManifest.xml:26:22
uses-permission#android.permission.ACCESS_COARSE_LOCATION
ADDED from AndroidManifest.xml:27:5
	android:name
		ADDED from AndroidManifest.xml:27:22
uses-permission#android.permission.BLUETOOTH_ADMIN
ADDED from AndroidManifest.xml:28:5
	android:name
		ADDED from AndroidManifest.xml:28:22
uses-permission#android.permission.BLUETOOTH
ADDED from AndroidManifest.xml:29:5
	android:name
		ADDED from AndroidManifest.xml:29:22
uses-permission#android.permission.VIBRATE
ADDED from AndroidManifest.xml:30:5
	android:name
		ADDED from AndroidManifest.xml:30:22
uses-permission#android.permission.WRITE_EXTERNAL_STORAGE
ADDED from AndroidManifest.xml:31:5
	android:name
		ADDED from AndroidManifest.xml:31:22
application
ADDED from AndroidManifest.xml:33:5
MERGED from com.android.support:support-v4:21.0.2:16:5
MERGED from com.android.support:gridlayout-v7:21.0.2:16:5
MERGED from com.android.support:support-v4:21.0.2:16:5
MERGED from com.android.support:cardview-v7:21.0.2:16:5
	android:label
		ADDED from AndroidManifest.xml:36:9
	android:allowBackup
		ADDED from AndroidManifest.xml:34:9
	android:icon
		ADDED from AndroidManifest.xml:35:9
	android:theme
		ADDED from AndroidManifest.xml:37:9
activity#jp.rt_net.rt_bt_9axis_logger.main.MainActivity
ADDED from AndroidManifest.xml:40:9
	android:screenOrientation
		ADDED from AndroidManifest.xml:43:13
	android:label
		ADDED from AndroidManifest.xml:44:13
	android:configChanges
		ADDED from AndroidManifest.xml:42:13
	android:name
		ADDED from AndroidManifest.xml:41:13
intent-filter#android.intent.action.MAIN+android.intent.category.LAUNCHER
ADDED from AndroidManifest.xml:45:13
action#android.intent.action.MAIN
ADDED from AndroidManifest.xml:46:17
	android:name
		ADDED from AndroidManifest.xml:46:25
category#android.intent.category.LAUNCHER
ADDED from AndroidManifest.xml:47:17
	android:name
		ADDED from AndroidManifest.xml:47:27
activity#jp.rt_net.rt_bt_9axis_logger.main.DeviceListActivity
ADDED from AndroidManifest.xml:51:9
	android:label
		ADDED from AndroidManifest.xml:54:13
	android:configChanges
		ADDED from AndroidManifest.xml:53:13
	android:theme
		ADDED from AndroidManifest.xml:55:13
	android:name
		ADDED from AndroidManifest.xml:52:13
uses-sdk
INJECTED from AndroidManifest.xml:0:0 reason: use-sdk injection requested
MERGED from com.android.support:support-v4:21.0.2:15:5
MERGED from com.android.support:gridlayout-v7:21.0.2:15:5
MERGED from com.android.support:support-v4:21.0.2:15:5
MERGED from com.android.support:cardview-v7:21.0.2:15:5
	android:targetSdkVersion
		INJECTED from AndroidManifest.xml:0:0
		INJECTED from AndroidManifest.xml:0:0
	android:minSdkVersion
		INJECTED from AndroidManifest.xml:0:0
		INJECTED from AndroidManifest.xml:0:0